<?xml version="1.0" ?>
<coverage version="7.6.1" timestamp="1727181066931" lines-valid="1104" lines-covered="1018" line-rate="0.9221" branches-covered="0" branches-valid="0" branch-rate="0" complexity="0">
	<!-- Generated by coverage.py: https://coverage.readthedocs.io/en/7.6.1 -->
	<!-- Based on https://raw.githubusercontent.com/cobertura/web/master/htdocs/xml/coverage-04.dtd -->
	<sources>
		<source>/home/runner/work/ragbits/ragbits</source>
	</sources>
	<packages>
		<package name="packages.ragbits-core.src.ragbits.core" line-rate="1" branch-rate="0" complexity="0">
			<classes>
				<class name="__init__.py" filename="packages/ragbits-core/src/ragbits/core/__init__.py" complexity="0" line-rate="1" branch-rate="0">
					<methods/>
					<lines/>
				</class>
			</classes>
		</package>
		<package name="packages.ragbits-core.src.ragbits.core.embeddings" line-rate="1" branch-rate="0" complexity="0">
			<classes>
				<class name="__init__.py" filename="packages/ragbits-core/src/ragbits/core/embeddings/__init__.py" complexity="0" line-rate="1" branch-rate="0">
					<methods/>
					<lines/>
				</class>
				<class name="base.py" filename="packages/ragbits-core/src/ragbits/core/embeddings/base.py" complexity="0" line-rate="1" branch-rate="0">
					<methods/>
					<lines>
						<line number="1" hits="1"/>
						<line number="4" hits="1"/>
						<line number="9" hits="1"/>
						<line number="10" hits="1"/>
					</lines>
				</class>
			</classes>
		</package>
		<package name="packages.ragbits-core.src.ragbits.core.llms" line-rate="0.7872" branch-rate="0" complexity="0">
			<classes>
				<class name="__init__.py" filename="packages/ragbits-core/src/ragbits/core/llms/__init__.py" complexity="0" line-rate="1" branch-rate="0">
					<methods/>
					<lines>
						<line number="1" hits="1"/>
						<line number="2" hits="1"/>
						<line number="3" hits="1"/>
						<line number="5" hits="1"/>
					</lines>
				</class>
				<class name="base.py" filename="packages/ragbits-core/src/ragbits/core/llms/base.py" complexity="0" line-rate="0.8788" branch-rate="0">
					<methods/>
					<lines>
						<line number="1" hits="1"/>
						<line number="2" hits="1"/>
						<line number="3" hits="1"/>
						<line number="5" hits="1"/>
						<line number="7" hits="1"/>
						<line number="10" hits="1"/>
						<line number="15" hits="1"/>
						<line number="17" hits="1"/>
						<line number="28" hits="1"/>
						<line number="29" hits="1"/>
						<line number="31" hits="1"/>
						<line number="32" hits="1"/>
						<line number="33" hits="0"/>
						<line number="35" hits="1"/>
						<line number="36" hits="1"/>
						<line number="37" hits="1"/>
						<line number="42" hits="1"/>
						<line number="52" hits="0"/>
						<line number="54" hits="1"/>
						<line number="70" hits="1"/>
						<line number="72" hits="1"/>
						<line number="79" hits="1"/>
						<line number="81" hits="1"/>
						<line number="82" hits="1"/>
						<line number="88" hits="0"/>
						<line number="90" hits="1"/>
						<line number="91" hits="1"/>
						<line number="97" hits="0"/>
						<line number="99" hits="1"/>
						<line number="116" hits="1"/>
						<line number="118" hits="1"/>
						<line number="119" hits="1"/>
						<line number="121" hits="1"/>
					</lines>
				</class>
				<class name="litellm.py" filename="packages/ragbits-core/src/ragbits/core/llms/litellm.py" complexity="0" line-rate="0.84" branch-rate="0">
					<methods/>
					<lines>
						<line number="1" hits="1"/>
						<line number="2" hits="1"/>
						<line number="4" hits="1"/>
						<line number="5" hits="1"/>
						<line number="7" hits="1"/>
						<line number="8" hits="0"/>
						<line number="9" hits="0"/>
						<line number="11" hits="1"/>
						<line number="13" hits="1"/>
						<line number="14" hits="1"/>
						<line number="17" hits="1"/>
						<line number="22" hits="1"/>
						<line number="24" hits="1"/>
						<line number="53" hits="1"/>
						<line number="54" hits="0"/>
						<line number="56" hits="1"/>
						<line number="57" hits="1"/>
						<line number="58" hits="1"/>
						<line number="59" hits="1"/>
						<line number="60" hits="1"/>
						<line number="62" hits="1"/>
						<line number="63" hits="1"/>
						<line number="67" hits="1"/>
						<line number="75" hits="1"/>
						<line number="85" hits="0"/>
					</lines>
				</class>
				<class name="local.py" filename="packages/ragbits-core/src/ragbits/core/llms/local.py" complexity="0" line-rate="0.5833" branch-rate="0">
					<methods/>
					<lines>
						<line number="1" hits="1"/>
						<line number="2" hits="1"/>
						<line number="4" hits="1"/>
						<line number="5" hits="1"/>
						<line number="7" hits="1"/>
						<line number="8" hits="0"/>
						<line number="9" hits="0"/>
						<line number="11" hits="1"/>
						<line number="13" hits="1"/>
						<line number="14" hits="1"/>
						<line number="17" hits="1"/>
						<line number="22" hits="1"/>
						<line number="24" hits="1"/>
						<line number="42" hits="0"/>
						<line number="43" hits="0"/>
						<line number="45" hits="0"/>
						<line number="46" hits="0"/>
						<line number="47" hits="0"/>
						<line number="49" hits="1"/>
						<line number="50" hits="1"/>
						<line number="57" hits="0"/>
						<line number="59" hits="1"/>
						<line number="70" hits="0"/>
						<line number="71" hits="0"/>
					</lines>
				</class>
				<class name="types.py" filename="packages/ragbits-core/src/ragbits/core/llms/types.py" complexity="0" line-rate="0.75" branch-rate="0">
					<methods/>
					<lines>
						<line number="1" hits="1"/>
						<line number="5" hits="1"/>
						<line number="23" hits="1"/>
						<line number="24" hits="0"/>
						<line number="26" hits="1"/>
						<line number="27" hits="1"/>
						<line number="28" hits="0"/>
						<line number="31" hits="1"/>
					</lines>
				</class>
			</classes>
		</package>
		<package name="packages.ragbits-core.src.ragbits.core.llms.clients" line-rate="0.7812" branch-rate="0" complexity="0">
			<classes>
				<class name="__init__.py" filename="packages/ragbits-core/src/ragbits/core/llms/clients/__init__.py" complexity="0" line-rate="1" branch-rate="0">
					<methods/>
					<lines>
						<line number="1" hits="1"/>
						<line number="2" hits="1"/>
						<line number="3" hits="1"/>
						<line number="5" hits="1"/>
					</lines>
				</class>
				<class name="base.py" filename="packages/ragbits-core/src/ragbits/core/llms/clients/base.py" complexity="0" line-rate="1" branch-rate="0">
					<methods/>
					<lines>
						<line number="1" hits="1"/>
						<line number="2" hits="1"/>
						<line number="3" hits="1"/>
						<line number="5" hits="1"/>
						<line number="7" hits="1"/>
						<line number="9" hits="1"/>
						<line number="11" hits="1"/>
						<line number="14" hits="1"/>
						<line number="15" hits="1"/>
						<line number="20" hits="1"/>
						<line number="22" hits="1"/>
						<line number="26" hits="1"/>
						<line number="27" hits="1"/>
						<line number="29" hits="1"/>
						<line number="36" hits="1"/>
						<line number="38" hits="1"/>
						<line number="46" hits="1"/>
						<line number="47" hits="1"/>
						<line number="53" hits="1"/>
						<line number="58" hits="1"/>
						<line number="65" hits="1"/>
						<line number="67" hits="1"/>
						<line number="68" hits="1"/>
					</lines>
				</class>
				<class name="exceptions.py" filename="packages/ragbits-core/src/ragbits/core/llms/clients/exceptions.py" complexity="0" line-rate="0.5714" branch-rate="0">
					<methods/>
					<lines>
						<line number="1" hits="1"/>
						<line number="6" hits="1"/>
						<line number="7" hits="0"/>
						<line number="8" hits="0"/>
						<line number="11" hits="1"/>
						<line number="16" hits="1"/>
						<line number="17" hits="0"/>
						<line number="20" hits="1"/>
						<line number="25" hits="1"/>
						<line number="26" hits="0"/>
						<line number="27" hits="0"/>
						<line number="30" hits="1"/>
						<line number="35" hits="1"/>
						<line number="36" hits="0"/>
					</lines>
				</class>
				<class name="litellm.py" filename="packages/ragbits-core/src/ragbits/core/llms/clients/litellm.py" complexity="0" line-rate="0.8" branch-rate="0">
					<methods/>
					<lines>
						<line number="1" hits="1"/>
						<line number="2" hits="1"/>
						<line number="4" hits="1"/>
						<line number="6" hits="1"/>
						<line number="7" hits="1"/>
						<line number="9" hits="1"/>
						<line number="10" hits="0"/>
						<line number="11" hits="0"/>
						<line number="14" hits="1"/>
						<line number="16" hits="1"/>
						<line number="17" hits="1"/>
						<line number="18" hits="1"/>
						<line number="21" hits="1"/>
						<line number="22" hits="1"/>
						<line number="28" hits="1"/>
						<line number="29" hits="1"/>
						<line number="30" hits="1"/>
						<line number="31" hits="1"/>
						<line number="32" hits="1"/>
						<line number="33" hits="1"/>
						<line number="34" hits="1"/>
						<line number="35" hits="1"/>
						<line number="36" hits="1"/>
						<line number="39" hits="1"/>
						<line number="45" hits="1"/>
						<line number="47" hits="1"/>
						<line number="69" hits="1"/>
						<line number="70" hits="0"/>
						<line number="72" hits="1"/>
						<line number="73" hits="1"/>
						<line number="74" hits="1"/>
						<line number="75" hits="1"/>
						<line number="76" hits="1"/>
						<line number="78" hits="1"/>
						<line number="103" hits="1"/>
						<line number="105" hits="1"/>
						<line number="106" hits="1"/>
						<line number="107" hits="1"/>
						<line number="108" hits="0"/>
						<line number="109" hits="1"/>
						<line number="110" hits="1"/>
						<line number="112" hits="1"/>
						<line number="113" hits="1"/>
						<line number="122" hits="0"/>
						<line number="123" hits="0"/>
						<line number="124" hits="0"/>
						<line number="125" hits="0"/>
						<line number="126" hits="0"/>
						<line number="127" hits="0"/>
						<line number="129" hits="1"/>
					</lines>
				</class>
				<class name="local.py" filename="packages/ragbits-core/src/ragbits/core/llms/clients/local.py" complexity="0" line-rate="0.6757" branch-rate="0">
					<methods/>
					<lines>
						<line number="1" hits="1"/>
						<line number="2" hits="1"/>
						<line number="4" hits="1"/>
						<line number="6" hits="1"/>
						<line number="7" hits="1"/>
						<line number="8" hits="1"/>
						<line number="10" hits="1"/>
						<line number="11" hits="0"/>
						<line number="12" hits="0"/>
						<line number="14" hits="1"/>
						<line number="16" hits="1"/>
						<line number="17" hits="1"/>
						<line number="20" hits="1"/>
						<line number="21" hits="1"/>
						<line number="28" hits="1"/>
						<line number="29" hits="1"/>
						<line number="30" hits="1"/>
						<line number="31" hits="1"/>
						<line number="32" hits="1"/>
						<line number="33" hits="1"/>
						<line number="34" hits="1"/>
						<line number="35" hits="1"/>
						<line number="36" hits="1"/>
						<line number="39" hits="1"/>
						<line number="44" hits="1"/>
						<line number="46" hits="1"/>
						<line number="62" hits="0"/>
						<line number="63" hits="0"/>
						<line number="65" hits="0"/>
						<line number="67" hits="0"/>
						<line number="70" hits="0"/>
						<line number="72" hits="1"/>
						<line number="92" hits="0"/>
						<line number="96" hits="0"/>
						<line number="101" hits="0"/>
						<line number="102" hits="0"/>
						<line number="103" hits="0"/>
					</lines>
				</class>
			</classes>
		</package>
		<package name="packages.ragbits-core.src.ragbits.core.prompt" line-rate="0.9867" branch-rate="0" complexity="0">
			<classes>
				<class name="__init__.py" filename="packages/ragbits-core/src/ragbits/core/prompt/__init__.py" complexity="0" line-rate="1" branch-rate="0">
					<methods/>
					<lines>
						<line number="1" hits="1"/>
						<line number="3" hits="1"/>
					</lines>
				</class>
				<class name="base.py" filename="packages/ragbits-core/src/ragbits/core/prompt/base.py" complexity="0" line-rate="1" branch-rate="0">
					<methods/>
					<lines>
						<line number="1" hits="1"/>
						<line number="2" hits="1"/>
						<line number="4" hits="1"/>
						<line number="5" hits="1"/>
						<line number="7" hits="1"/>
						<line number="8" hits="1"/>
						<line number="11" hits="1"/>
						<line number="16" hits="1"/>
						<line number="17" hits="1"/>
						<line number="18" hits="1"/>
						<line number="26" hits="1"/>
						<line number="27" hits="1"/>
						<line number="31" hits="1"/>
						<line number="33" hits="1"/>
						<line number="38" hits="1"/>
						<line number="41" hits="1"/>
						<line number="47" hits="1"/>
						<line number="48" hits="1"/>
					</lines>
				</class>
				<class name="parsers.py" filename="packages/ragbits-core/src/ragbits/core/prompt/parsers.py" complexity="0" line-rate="1" branch-rate="0">
					<methods/>
					<lines>
						<line number="1" hits="1"/>
						<line number="3" hits="1"/>
						<line number="5" hits="1"/>
						<line number="8" hits="1"/>
						<line number="13" hits="1"/>
						<line number="14" hits="1"/>
						<line number="15" hits="1"/>
						<line number="18" hits="1"/>
						<line number="31" hits="1"/>
						<line number="32" hits="1"/>
						<line number="33" hits="1"/>
						<line number="34" hits="1"/>
						<line number="37" hits="1"/>
						<line number="47" hits="1"/>
						<line number="50" hits="1"/>
						<line number="63" hits="1"/>
						<line number="64" hits="1"/>
						<line number="65" hits="1"/>
						<line number="66" hits="1"/>
						<line number="69" hits="1"/>
						<line number="82" hits="1"/>
						<line number="83" hits="1"/>
						<line number="84" hits="1"/>
						<line number="85" hits="1"/>
						<line number="86" hits="1"/>
						<line number="87" hits="1"/>
						<line number="90" hits="1"/>
						<line number="104" hits="1"/>
						<line number="117" hits="1"/>
						<line number="118" hits="1"/>
						<line number="119" hits="1"/>
						<line number="120" hits="1"/>
						<line number="122" hits="1"/>
						<line number="125" hits="1"/>
					</lines>
				</class>
				<class name="prompt.py" filename="packages/ragbits-core/src/ragbits/core/prompt/prompt.py" complexity="0" line-rate="0.9792" branch-rate="0">
					<methods/>
					<lines>
						<line number="1" hits="1"/>
						<line number="2" hits="1"/>
						<line number="3" hits="1"/>
						<line number="5" hits="1"/>
						<line number="6" hits="1"/>
						<line number="7" hits="1"/>
						<line number="9" hits="1"/>
						<line number="10" hits="1"/>
						<line number="12" hits="1"/>
						<line number="15" hits="1"/>
						<line number="23" hits="1"/>
						<line number="24" hits="1"/>
						<line number="25" hits="1"/>
						<line number="29" hits="1"/>
						<line number="32" hits="1"/>
						<line number="33" hits="1"/>
						<line number="34" hits="1"/>
						<line number="35" hits="1"/>
						<line number="37" hits="1"/>
						<line number="38" hits="1"/>
						<line number="39" hits="1"/>
						<line number="40" hits="1"/>
						<line number="41" hits="1"/>
						<line number="42" hits="1"/>
						<line number="43" hits="1"/>
						<line number="44" hits="1"/>
						<line number="45" hits="1"/>
						<line number="47" hits="1"/>
						<line number="50" hits="1"/>
						<line number="51" hits="1"/>
						<line number="53" hits="1"/>
						<line number="54" hits="1"/>
						<line number="55" hits="1"/>
						<line number="56" hits="1"/>
						<line number="57" hits="1"/>
						<line number="58" hits="1"/>
						<line number="59" hits="1"/>
						<line number="60" hits="1"/>
						<line number="61" hits="1"/>
						<line number="62" hits="1"/>
						<line number="64" hits="1"/>
						<line number="65" hits="1"/>
						<line number="68" hits="1"/>
						<line number="69" hits="1"/>
						<line number="70" hits="1"/>
						<line number="71" hits="1"/>
						<line number="73" hits="1"/>
						<line number="74" hits="1"/>
						<line number="75" hits="1"/>
						<line number="77" hits="1"/>
						<line number="78" hits="1"/>
						<line number="79" hits="1"/>
						<line number="80" hits="1"/>
						<line number="81" hits="1"/>
						<line number="82" hits="1"/>
						<line number="83" hits="1"/>
						<line number="84" hits="1"/>
						<line number="85" hits="1"/>
						<line number="87" hits="1"/>
						<line number="88" hits="1"/>
						<line number="89" hits="1"/>
						<line number="90" hits="1"/>
						<line number="92" hits="1"/>
						<line number="93" hits="1"/>
						<line number="96" hits="1"/>
						<line number="97" hits="1"/>
						<line number="99" hits="1"/>
						<line number="101" hits="1"/>
						<line number="102" hits="1"/>
						<line number="103" hits="0"/>
						<line number="105" hits="1"/>
						<line number="106" hits="1"/>
						<line number="107" hits="0"/>
						<line number="109" hits="1"/>
						<line number="110" hits="1"/>
						<line number="111" hits="1"/>
						<line number="112" hits="1"/>
						<line number="114" hits="1"/>
						<line number="117" hits="1"/>
						<line number="118" hits="1"/>
						<line number="120" hits="1"/>
						<line number="121" hits="1"/>
						<line number="128" hits="1"/>
						<line number="133" hits="1"/>
						<line number="143" hits="1"/>
						<line number="144" hits="1"/>
						<line number="146" hits="1"/>
						<line number="156" hits="1"/>
						<line number="157" hits="1"/>
						<line number="159" hits="1"/>
						<line number="167" hits="1"/>
						<line number="169" hits="1"/>
						<line number="170" hits="1"/>
						<line number="177" hits="1"/>
						<line number="179" hits="1"/>
						<line number="192" hits="1"/>
					</lines>
				</class>
			</classes>
		</package>
		<package name="packages.ragbits-core.tests.unit" line-rate="1" branch-rate="0" complexity="0">
			<classes>
				<class name="__init__.py" filename="packages/ragbits-core/tests/unit/__init__.py" complexity="0" line-rate="1" branch-rate="0">
					<methods/>
					<lines/>
				</class>
			</classes>
		</package>
		<package name="packages.ragbits-core.tests.unit.llms" line-rate="1" branch-rate="0" complexity="0">
			<classes>
				<class name="__init__.py" filename="packages/ragbits-core/tests/unit/llms/__init__.py" complexity="0" line-rate="1" branch-rate="0">
					<methods/>
					<lines/>
				</class>
				<class name="test_litellm.py" filename="packages/ragbits-core/tests/unit/llms/test_litellm.py" complexity="0" line-rate="1" branch-rate="0">
					<methods/>
					<lines>
						<line number="1" hits="1"/>
						<line number="3" hits="1"/>
						<line number="4" hits="1"/>
						<line number="5" hits="1"/>
						<line number="6" hits="1"/>
						<line number="9" hits="1"/>
						<line number="14" hits="1"/>
						<line number="21" hits="1"/>
						<line number="23" hits="1"/>
						<line number="24" hits="1"/>
						<line number="31" hits="1"/>
						<line number="34" hits="1"/>
						<line number="39" hits="1"/>
						<line number="46" hits="1"/>
						<line number="48" hits="1"/>
						<line number="49" hits="1"/>
						<line number="56" hits="1"/>
						<line number="58" hits="1"/>
						<line number="68" hits="1"/>
						<line number="71" hits="1"/>
						<line number="73" hits="1"/>
						<line number="74" hits="1"/>
						<line number="75" hits="1"/>
						<line number="76" hits="1"/>
						<line number="77" hits="1"/>
						<line number="80" hits="1"/>
						<line number="82" hits="1"/>
						<line number="83" hits="1"/>
						<line number="84" hits="1"/>
						<line number="85" hits="1"/>
						<line number="86" hits="1"/>
						<line number="87" hits="1"/>
						<line number="88" hits="1"/>
						<line number="91" hits="1"/>
						<line number="94" hits="1"/>
						<line number="97" hits="1"/>
						<line number="99" hits="1"/>
						<line number="100" hits="1"/>
						<line number="101" hits="1"/>
						<line number="102" hits="1"/>
						<line number="103" hits="1"/>
						<line number="106" hits="1"/>
						<line number="109" hits="1"/>
						<line number="112" hits="1"/>
						<line number="114" hits="1"/>
						<line number="115" hits="1"/>
						<line number="116" hits="1"/>
						<line number="117" hits="1"/>
						<line number="118" hits="1"/>
						<line number="119" hits="1"/>
						<line number="120" hits="1"/>
						<line number="123" hits="1"/>
						<line number="126" hits="1"/>
						<line number="129" hits="1"/>
						<line number="130" hits="1"/>
						<line number="132" hits="1"/>
						<line number="135" hits="1"/>
						<line number="137" hits="1"/>
						<line number="138" hits="1"/>
						<line number="139" hits="1"/>
						<line number="140" hits="1"/>
						<line number="141" hits="1"/>
						<line number="142" hits="1"/>
					</lines>
				</class>
			</classes>
		</package>
		<package name="packages.ragbits-core.tests.unit.prompts" line-rate="1" branch-rate="0" complexity="0">
			<classes>
				<class name="__init__.py" filename="packages/ragbits-core/tests/unit/prompts/__init__.py" complexity="0" line-rate="1" branch-rate="0">
					<methods/>
					<lines/>
				</class>
				<class name="test_parsers.py" filename="packages/ragbits-core/tests/unit/prompts/test_parsers.py" complexity="0" line-rate="1" branch-rate="0">
					<methods/>
					<lines>
						<line number="1" hits="1"/>
						<line number="3" hits="1"/>
						<line number="5" hits="1"/>
						<line number="6" hits="1"/>
						<line number="8" hits="1"/>
						<line number="11" hits="1"/>
						<line number="14" hits="1"/>
						<line number="17" hits="1"/>
						<line number="19" hits="1"/>
						<line number="20" hits="1"/>
						<line number="23" hits="1"/>
						<line number="26" hits="1"/>
						<line number="29" hits="1"/>
						<line number="31" hits="1"/>
						<line number="32" hits="1"/>
						<line number="34" hits="1"/>
						<line number="35" hits="1"/>
						<line number="38" hits="1"/>
						<line number="41" hits="1"/>
						<line number="44" hits="1"/>
						<line number="46" hits="1"/>
						<line number="47" hits="1"/>
						<line number="51" hits="1"/>
						<line number="52" hits="1"/>
						<line number="55" hits="1"/>
						<line number="58" hits="1"/>
						<line number="61" hits="1"/>
						<line number="63" hits="1"/>
						<line number="64" hits="1"/>
						<line number="66" hits="1"/>
						<line number="67" hits="1"/>
						<line number="70" hits="1"/>
						<line number="73" hits="1"/>
						<line number="76" hits="1"/>
						<line number="78" hits="1"/>
						<line number="79" hits="1"/>
						<line number="80" hits="1"/>
						<line number="82" hits="1"/>
						<line number="83" hits="1"/>
						<line number="86" hits="1"/>
						<line number="89" hits="1"/>
						<line number="92" hits="1"/>
						<line number="94" hits="1"/>
						<line number="95" hits="1"/>
						<line number="108" hits="1"/>
						<line number="109" hits="1"/>
						<line number="110" hits="1"/>
						<line number="111" hits="1"/>
						<line number="113" hits="1"/>
						<line number="114" hits="1"/>
						<line number="116" hits="1"/>
						<line number="117" hits="1"/>
						<line number="120" hits="1"/>
						<line number="122" hits="1"/>
						<line number="124" hits="1"/>
						<line number="127" hits="1"/>
						<line number="130" hits="1"/>
						<line number="133" hits="1"/>
						<line number="136" hits="1"/>
						<line number="138" hits="1"/>
						<line number="139" hits="1"/>
						<line number="152" hits="1"/>
						<line number="154" hits="1"/>
						<line number="155" hits="1"/>
						<line number="156" hits="1"/>
					</lines>
				</class>
				<class name="test_prompt.py" filename="packages/ragbits-core/tests/unit/prompts/test_prompt.py" complexity="0" line-rate="1" branch-rate="0">
					<methods/>
					<lines>
						<line number="1" hits="1"/>
						<line number="2" hits="1"/>
						<line number="4" hits="1"/>
						<line number="7" hits="1"/>
						<line number="12" hits="1"/>
						<line number="13" hits="1"/>
						<line number="14" hits="1"/>
						<line number="17" hits="1"/>
						<line number="22" hits="1"/>
						<line number="23" hits="1"/>
						<line number="26" hits="1"/>
						<line number="28" hits="1"/>
						<line number="30" hits="1"/>
						<line number="34" hits="1"/>
						<line number="36" hits="1"/>
						<line number="38" hits="1"/>
						<line number="41" hits="1"/>
						<line number="44" hits="1"/>
						<line number="46" hits="1"/>
						<line number="48" hits="1"/>
						<line number="51" hits="1"/>
						<line number="52" hits="1"/>
						<line number="55" hits="1"/>
						<line number="57" hits="1"/>
						<line number="59" hits="1"/>
						<line number="62" hits="1"/>
						<line number="65" hits="1"/>
						<line number="67" hits="1"/>
						<line number="69" hits="1"/>
						<line number="72" hits="1"/>
						<line number="73" hits="1"/>
						<line number="76" hits="1"/>
						<line number="78" hits="1"/>
						<line number="80" hits="1"/>
						<line number="83" hits="1"/>
						<line number="84" hits="1"/>
						<line number="87" hits="1"/>
						<line number="90" hits="1"/>
						<line number="93" hits="1"/>
						<line number="95" hits="1"/>
						<line number="96" hits="1"/>
						<line number="99" hits="1"/>
						<line number="102" hits="1"/>
						<line number="105" hits="1"/>
						<line number="107" hits="1"/>
						<line number="108" hits="1"/>
						<line number="109" hits="1"/>
						<line number="112" hits="1"/>
						<line number="115" hits="1"/>
						<line number="118" hits="1"/>
						<line number="121" hits="1"/>
						<line number="123" hits="1"/>
						<line number="124" hits="1"/>
						<line number="125" hits="1"/>
						<line number="126" hits="1"/>
						<line number="132" hits="1"/>
						<line number="134" hits="1"/>
						<line number="136" hits="1"/>
						<line number="139" hits="1"/>
						<line number="142" hits="1"/>
						<line number="145" hits="1"/>
						<line number="148" hits="1"/>
						<line number="151" hits="1"/>
						<line number="153" hits="1"/>
						<line number="154" hits="1"/>
						<line number="156" hits="1"/>
						<line number="164" hits="1"/>
						<line number="167" hits="1"/>
						<line number="170" hits="1"/>
						<line number="175" hits="1"/>
						<line number="176" hits="1"/>
						<line number="179" hits="1"/>
						<line number="182" hits="1"/>
						<line number="185" hits="1"/>
						<line number="187" hits="1"/>
						<line number="188" hits="1"/>
						<line number="191" hits="1"/>
						<line number="194" hits="1"/>
						<line number="197" hits="1"/>
						<line number="199" hits="1"/>
						<line number="200" hits="1"/>
					</lines>
				</class>
			</classes>
		</package>
		<package name="packages.ragbits-dev-kit.src.ragbits.dev_kit" line-rate="1" branch-rate="0" complexity="0">
			<classes>
				<class name="__init__.py" filename="packages/ragbits-dev-kit/src/ragbits/dev_kit/__init__.py" complexity="0" line-rate="1" branch-rate="0">
					<methods/>
					<lines/>
				</class>
			</classes>
		</package>
		<package name="packages.ragbits-dev-kit.src.ragbits.dev_kit.prompt_lab" line-rate="1" branch-rate="0" complexity="0">
			<classes>
				<class name="__init__.py" filename="packages/ragbits-dev-kit/src/ragbits/dev_kit/prompt_lab/__init__.py" complexity="0" line-rate="1" branch-rate="0">
					<methods/>
					<lines/>
				</class>
			</classes>
		</package>
		<package name="packages.ragbits-dev-kit.src.ragbits.dev_kit.prompt_lab.discovery" line-rate="0.975" branch-rate="0" complexity="0">
			<classes>
				<class name="__init__.py" filename="packages/ragbits-dev-kit/src/ragbits/dev_kit/prompt_lab/discovery/__init__.py" complexity="0" line-rate="1" branch-rate="0">
					<methods/>
					<lines>
						<line number="1" hits="1"/>
						<line number="3" hits="1"/>
					</lines>
				</class>
				<class name="prompt_discovery.py" filename="packages/ragbits-dev-kit/src/ragbits/dev_kit/prompt_lab/discovery/prompt_discovery.py" complexity="0" line-rate="0.9737" branch-rate="0">
					<methods/>
					<lines>
						<line number="1" hits="1"/>
						<line number="2" hits="1"/>
						<line number="3" hits="1"/>
						<line number="4" hits="1"/>
						<line number="5" hits="1"/>
						<line number="7" hits="1"/>
						<line number="9" hits="1"/>
						<line number="12" hits="1"/>
						<line number="20" hits="1"/>
						<line number="21" hits="1"/>
						<line number="23" hits="1"/>
						<line number="35" hits="1"/>
						<line number="36" hits="1"/>
						<line number="37" hits="1"/>
						<line number="38" hits="1"/>
						<line number="39" hits="1"/>
						<line number="41" hits="1"/>
						<line number="52" hits="1"/>
						<line number="54" hits="1"/>
						<line number="55" hits="1"/>
						<line number="56" hits="1"/>
						<line number="58" hits="1"/>
						<line number="59" hits="1"/>
						<line number="61" hits="1"/>
						<line number="62" hits="0"/>
						<line number="64" hits="1"/>
						<line number="66" hits="1"/>
						<line number="68" hits="1"/>
						<line number="76" hits="1"/>
						<line number="77" hits="1"/>
						<line number="78" hits="1"/>
						<line number="79" hits="1"/>
						<line number="81" hits="1"/>
						<line number="83" hits="1"/>
						<line number="85" hits="1"/>
						<line number="86" hits="1"/>
						<line number="87" hits="1"/>
						<line number="94" hits="1"/>
					</lines>
				</class>
			</classes>
		</package>
		<package name="packages.ragbits-dev-kit.tests.unit.discovery" line-rate="1" branch-rate="0" complexity="0">
			<classes>
				<class name="prompt_classes_for_tests.py" filename="packages/ragbits-dev-kit/tests/unit/discovery/prompt_classes_for_tests.py" complexity="0" line-rate="1" branch-rate="0">
					<methods/>
					<lines>
						<line number="1" hits="1"/>
						<line number="3" hits="1"/>
						<line number="5" hits="1"/>
						<line number="8" hits="1"/>
						<line number="13" hits="1"/>
						<line number="14" hits="1"/>
						<line number="15" hits="1"/>
						<line number="16" hits="1"/>
						<line number="17" hits="1"/>
						<line number="18" hits="1"/>
						<line number="21" hits="1"/>
						<line number="26" hits="1"/>
						<line number="29" hits="1"/>
						<line number="30" hits="1"/>
						<line number="31" hits="1"/>
						<line number="34" hits="1"/>
						<line number="39" hits="1"/>
						<line number="42" hits="1"/>
						<line number="47" hits="1"/>
						<line number="50" hits="1"/>
						<line number="51" hits="1"/>
						<line number="52" hits="1"/>
						<line number="55" hits="1"/>
						<line number="56" hits="1"/>
						<line number="57" hits="1"/>
						<line number="60" hits="1"/>
						<line number="61" hits="1"/>
					</lines>
				</class>
				<class name="test_prompt_discovery.py" filename="packages/ragbits-dev-kit/tests/unit/discovery/test_prompt_discovery.py" complexity="0" line-rate="1" branch-rate="0">
					<methods/>
					<lines>
						<line number="1" hits="1"/>
						<line number="2" hits="1"/>
						<line number="4" hits="1"/>
						<line number="7" hits="1"/>
						<line number="8" hits="1"/>
						<line number="10" hits="1"/>
						<line number="12" hits="1"/>
						<line number="14" hits="1"/>
						<line number="15" hits="1"/>
						<line number="16" hits="1"/>
						<line number="17" hits="1"/>
						<line number="19" hits="1"/>
						<line number="20" hits="1"/>
						<line number="21" hits="1"/>
						<line number="22" hits="1"/>
						<line number="24" hits="1"/>
						<line number="25" hits="1"/>
						<line number="26" hits="1"/>
						<line number="29" hits="1"/>
						<line number="30" hits="1"/>
						<line number="31" hits="1"/>
						<line number="33" hits="1"/>
						<line number="35" hits="1"/>
						<line number="37" hits="1"/>
						<line number="38" hits="1"/>
					</lines>
				</class>
			</classes>
		</package>
		<package name="packages.ragbits-dev-kit.tests.unit.discovery.ragbits_tests_pkg_with_prompts" line-rate="1" branch-rate="0" complexity="0">
			<classes>
				<class name="__init__.py" filename="packages/ragbits-dev-kit/tests/unit/discovery/ragbits_tests_pkg_with_prompts/__init__.py" complexity="0" line-rate="1" branch-rate="0">
					<methods/>
					<lines>
						<line number="1" hits="1"/>
						<line number="3" hits="1"/>
					</lines>
				</class>
			</classes>
		</package>
		<package name="packages.ragbits-dev-kit.tests.unit.discovery.ragbits_tests_pkg_with_prompts.prompts" line-rate="1" branch-rate="0" complexity="0">
			<classes>
				<class name="__init__.py" filename="packages/ragbits-dev-kit/tests/unit/discovery/ragbits_tests_pkg_with_prompts/prompts/__init__.py" complexity="0" line-rate="1" branch-rate="0">
					<methods/>
					<lines>
						<line number="1" hits="1"/>
						<line number="2" hits="1"/>
						<line number="4" hits="1"/>
					</lines>
				</class>
				<class name="temp_prompt1.py" filename="packages/ragbits-dev-kit/tests/unit/discovery/ragbits_tests_pkg_with_prompts/prompts/temp_prompt1.py" complexity="0" line-rate="1" branch-rate="0">
					<methods/>
					<lines>
						<line number="1" hits="1"/>
						<line number="3" hits="1"/>
						<line number="6" hits="1"/>
						<line number="11" hits="1"/>
						<line number="12" hits="1"/>
						<line number="13" hits="1"/>
						<line number="14" hits="1"/>
						<line number="15" hits="1"/>
						<line number="16" hits="1"/>
						<line number="19" hits="1"/>
						<line number="24" hits="1"/>
						<line number="27" hits="1"/>
						<line number="28" hits="1"/>
						<line number="29" hits="1"/>
					</lines>
				</class>
				<class name="temp_prompt2.py" filename="packages/ragbits-dev-kit/tests/unit/discovery/ragbits_tests_pkg_with_prompts/prompts/temp_prompt2.py" complexity="0" line-rate="1" branch-rate="0">
					<methods/>
					<lines>
						<line number="1" hits="1"/>
						<line number="3" hits="1"/>
						<line number="6" hits="1"/>
						<line number="11" hits="1"/>
						<line number="12" hits="1"/>
						<line number="13" hits="1"/>
						<line number="14" hits="1"/>
						<line number="15" hits="1"/>
						<line number="16" hits="1"/>
						<line number="19" hits="1"/>
						<line number="24" hits="1"/>
						<line number="27" hits="1"/>
						<line number="28" hits="1"/>
						<line number="29" hits="1"/>
					</lines>
				</class>
			</classes>
		</package>
		<package name="packages.ragbits-document-search.src.ragbits.document_search" line-rate="1" branch-rate="0" complexity="0">
			<classes>
				<class name="__init__.py" filename="packages/ragbits-document-search/src/ragbits/document_search/__init__.py" complexity="0" line-rate="1" branch-rate="0">
					<methods/>
					<lines>
						<line number="1" hits="1"/>
						<line number="3" hits="1"/>
					</lines>
				</class>
				<class name="_main.py" filename="packages/ragbits-document-search/src/ragbits/document_search/_main.py" complexity="0" line-rate="1" branch-rate="0">
					<methods/>
					<lines>
						<line number="1" hits="1"/>
						<line number="2" hits="1"/>
						<line number="3" hits="1"/>
						<line number="4" hits="1"/>
						<line number="5" hits="1"/>
						<line number="6" hits="1"/>
						<line number="7" hits="1"/>
						<line number="8" hits="1"/>
						<line number="9" hits="1"/>
						<line number="10" hits="1"/>
						<line number="13" hits="1"/>
						<line number="26" hits="1"/>
						<line number="28" hits="1"/>
						<line number="30" hits="1"/>
						<line number="31" hits="1"/>
						<line number="33" hits="1"/>
						<line number="40" hits="1"/>
						<line number="41" hits="1"/>
						<line number="42" hits="1"/>
						<line number="43" hits="1"/>
						<line number="45" hits="1"/>
						<line number="55" hits="1"/>
						<line number="56" hits="1"/>
						<line number="57" hits="1"/>
						<line number="58" hits="1"/>
						<line number="60" hits="1"/>
						<line number="61" hits="1"/>
						<line number="63" hits="1"/>
						<line number="65" hits="1"/>
						<line number="74" hits="1"/>
						<line number="75" hits="1"/>
						<line number="76" hits="1"/>
						<line number="77" hits="1"/>
						<line number="78" hits="1"/>
					</lines>
				</class>
			</classes>
		</package>
		<package name="packages.ragbits-document-search.src.ragbits.document_search.documents" line-rate="0.9505" branch-rate="0" complexity="0">
			<classes>
				<class name="__init__.py" filename="packages/ragbits-document-search/src/ragbits/document_search/documents/__init__.py" complexity="0" line-rate="1" branch-rate="0">
					<methods/>
					<lines/>
				</class>
				<class name="document.py" filename="packages/ragbits-document-search/src/ragbits/document_search/documents/document.py" complexity="0" line-rate="0.9455" branch-rate="0">
					<methods/>
					<lines>
						<line number="1" hits="1"/>
						<line number="2" hits="1"/>
						<line number="3" hits="1"/>
						<line number="4" hits="1"/>
						<line number="6" hits="1"/>
						<line number="8" hits="1"/>
						<line number="11" hits="1"/>
						<line number="14" hits="1"/>
						<line number="15" hits="1"/>
						<line number="16" hits="1"/>
						<line number="17" hits="1"/>
						<line number="18" hits="1"/>
						<line number="19" hits="1"/>
						<line number="20" hits="1"/>
						<line number="21" hits="1"/>
						<line number="22" hits="1"/>
						<line number="23" hits="1"/>
						<line number="24" hits="1"/>
						<line number="25" hits="1"/>
						<line number="26" hits="1"/>
						<line number="27" hits="1"/>
						<line number="28" hits="1"/>
						<line number="29" hits="1"/>
						<line number="30" hits="1"/>
						<line number="31" hits="1"/>
						<line number="33" hits="1"/>
						<line number="36" hits="1"/>
						<line number="41" hits="1"/>
						<line number="42" hits="1"/>
						<line number="44" hits="1"/>
						<line number="45" hits="1"/>
						<line number="52" hits="0"/>
						<line number="54" hits="1"/>
						<line number="62" hits="1"/>
						<line number="63" hits="1"/>
						<line number="65" hits="1"/>
						<line number="66" hits="1"/>
						<line number="76" hits="1"/>
						<line number="77" hits="1"/>
						<line number="79" hits="1"/>
						<line number="84" hits="1"/>
						<line number="85" hits="1"/>
						<line number="95" hits="0"/>
						<line number="101" hits="1"/>
						<line number="106" hits="1"/>
						<line number="107" hits="1"/>
						<line number="109" hits="1"/>
						<line number="110" hits="1"/>
						<line number="122" hits="1"/>
						<line number="123" hits="1"/>
						<line number="124" hits="0"/>
						<line number="127" hits="1"/>
						<line number="132" hits="1"/>
						<line number="133" hits="1"/>
						<line number="140" hits="1"/>
					</lines>
				</class>
				<class name="element.py" filename="packages/ragbits-document-search/src/ragbits/document_search/documents/element.py" complexity="0" line-rate="0.9667" branch-rate="0">
					<methods/>
					<lines>
						<line number="1" hits="1"/>
						<line number="2" hits="1"/>
						<line number="4" hits="1"/>
						<line number="6" hits="1"/>
						<line number="7" hits="1"/>
						<line number="10" hits="1"/>
						<line number="15" hits="1"/>
						<line number="16" hits="1"/>
						<line number="18" hits="1"/>
						<line number="20" hits="1"/>
						<line number="21" hits="1"/>
						<line number="29" hits="1"/>
						<line number="30" hits="1"/>
						<line number="31" hits="1"/>
						<line number="33" hits="1"/>
						<line number="34" hits="0"/>
						<line number="36" hits="1"/>
						<line number="38" hits="1"/>
						<line number="39" hits="1"/>
						<line number="49" hits="1"/>
						<line number="50" hits="1"/>
						<line number="51" hits="1"/>
						<line number="53" hits="1"/>
						<line number="55" hits="1"/>
						<line number="65" hits="1"/>
						<line number="72" hits="1"/>
						<line number="77" hits="1"/>
						<line number="78" hits="1"/>
						<line number="80" hits="1"/>
						<line number="87" hits="1"/>
					</lines>
				</class>
				<class name="sources.py" filename="packages/ragbits-document-search/src/ragbits/document_search/documents/sources.py" complexity="0" line-rate="0.9375" branch-rate="0">
					<methods/>
					<lines>
						<line number="1" hits="1"/>
						<line number="2" hits="1"/>
						<line number="3" hits="1"/>
						<line number="5" hits="1"/>
						<line number="8" hits="1"/>
						<line number="13" hits="1"/>
						<line number="14" hits="1"/>
						<line number="22" hits="1"/>
						<line number="23" hits="1"/>
						<line number="32" hits="1"/>
						<line number="37" hits="1"/>
						<line number="38" hits="1"/>
						<line number="40" hits="1"/>
						<line number="47" hits="0"/>
						<line number="49" hits="1"/>
						<line number="56" hits="1"/>
					</lines>
				</class>
			</classes>
		</package>
		<package name="packages.ragbits-document-search.src.ragbits.document_search.ingestion" line-rate="0.9524" branch-rate="0" complexity="0">
			<classes>
				<class name="__init__.py" filename="packages/ragbits-document-search/src/ragbits/document_search/ingestion/__init__.py" complexity="0" line-rate="1" branch-rate="0">
					<methods/>
					<lines/>
				</class>
				<class name="document_processor.py" filename="packages/ragbits-document-search/src/ragbits/document_search/ingestion/document_processor.py" complexity="0" line-rate="0.9524" branch-rate="0">
					<methods/>
					<lines>
						<line number="1" hits="1"/>
						<line number="2" hits="1"/>
						<line number="4" hits="1"/>
						<line number="5" hits="1"/>
						<line number="6" hits="1"/>
						<line number="7" hits="1"/>
						<line number="9" hits="1"/>
						<line number="11" hits="1"/>
						<line number="33" hits="1"/>
						<line number="38" hits="1"/>
						<line number="39" hits="1"/>
						<line number="41" hits="1"/>
						<line number="42" hits="1"/>
						<line number="60" hits="1"/>
						<line number="61" hits="1"/>
						<line number="63" hits="1"/>
						<line number="65" hits="1"/>
						<line number="78" hits="1"/>
						<line number="79" hits="1"/>
						<line number="80" hits="0"/>
						<line number="84" hits="1"/>
					</lines>
				</class>
			</classes>
		</package>
		<package name="packages.ragbits-document-search.src.ragbits.document_search.ingestion.providers" line-rate="0.902" branch-rate="0" complexity="0">
			<classes>
				<class name="__init__.py" filename="packages/ragbits-document-search/src/ragbits/document_search/ingestion/providers/__init__.py" complexity="0" line-rate="1" branch-rate="0">
					<methods/>
					<lines/>
				</class>
				<class name="base.py" filename="packages/ragbits-document-search/src/ragbits/document_search/ingestion/providers/base.py" complexity="0" line-rate="1" branch-rate="0">
					<methods/>
					<lines>
						<line number="1" hits="1"/>
						<line number="3" hits="1"/>
						<line number="4" hits="1"/>
						<line number="7" hits="1"/>
						<line number="10" hits="1"/>
						<line number="11" hits="1"/>
						<line number="12" hits="1"/>
						<line number="15" hits="1"/>
						<line number="18" hits="1"/>
						<line number="20" hits="1"/>
						<line number="21" hits="1"/>
						<line number="31" hits="1"/>
						<line number="40" hits="1"/>
						<line number="41" hits="1"/>
					</lines>
				</class>
				<class name="dummy.py" filename="packages/ragbits-document-search/src/ragbits/document_search/ingestion/providers/dummy.py" complexity="0" line-rate="0.9091" branch-rate="0">
					<methods/>
					<lines>
						<line number="1" hits="1"/>
						<line number="2" hits="1"/>
						<line number="3" hits="1"/>
						<line number="6" hits="1"/>
						<line number="13" hits="1"/>
						<line number="15" hits="1"/>
						<line number="24" hits="1"/>
						<line number="26" hits="1"/>
						<line number="27" hits="1"/>
						<line number="28" hits="1"/>
						<line number="29" hits="0"/>
					</lines>
				</class>
				<class name="unstructured.py" filename="packages/ragbits-document-search/src/ragbits/document_search/ingestion/providers/unstructured.py" complexity="0" line-rate="0.8462" branch-rate="0">
					<methods/>
					<lines>
						<line number="1" hits="1"/>
						<line number="2" hits="1"/>
						<line number="3" hits="1"/>
						<line number="5" hits="1"/>
						<line number="6" hits="1"/>
						<line number="8" hits="1"/>
						<line number="9" hits="1"/>
						<line number="10" hits="1"/>
						<line number="12" hits="1"/>
						<line number="20" hits="1"/>
						<line number="21" hits="1"/>
						<line number="24" hits="1"/>
						<line number="29" hits="1"/>
						<line number="50" hits="1"/>
						<line number="57" hits="1"/>
						<line number="59" hits="1"/>
						<line number="73" hits="1"/>
						<line number="74" hits="1"/>
						<line number="75" hits="1"/>
						<line number="76" hits="1"/>
						<line number="77" hits="1"/>
						<line number="79" hits="0"/>
						<line number="82" hits="0"/>
						<line number="89" hits="0"/>
						<line number="92" hits="1"/>
						<line number="93" hits="0"/>
					</lines>
				</class>
			</classes>
		</package>
		<package name="packages.ragbits-document-search.src.ragbits.document_search.retrieval" line-rate="1" branch-rate="0" complexity="0">
			<classes>
				<class name="__init__.py" filename="packages/ragbits-document-search/src/ragbits/document_search/retrieval/__init__.py" complexity="0" line-rate="1" branch-rate="0">
					<methods/>
					<lines/>
				</class>
			</classes>
		</package>
		<package name="packages.ragbits-document-search.src.ragbits.document_search.retrieval.rephrasers" line-rate="1" branch-rate="0" complexity="0">
			<classes>
				<class name="__init__.py" filename="packages/ragbits-document-search/src/ragbits/document_search/retrieval/rephrasers/__init__.py" complexity="0" line-rate="1" branch-rate="0">
					<methods/>
					<lines/>
				</class>
				<class name="base.py" filename="packages/ragbits-document-search/src/ragbits/document_search/retrieval/rephrasers/base.py" complexity="0" line-rate="1" branch-rate="0">
					<methods/>
					<lines>
						<line number="1" hits="1"/>
						<line number="4" hits="1"/>
						<line number="9" hits="1"/>
						<line number="10" hits="1"/>
						<line number="11" hits="1"/>
					</lines>
				</class>
				<class name="noop.py" filename="packages/ragbits-document-search/src/ragbits/document_search/retrieval/rephrasers/noop.py" complexity="0" line-rate="1" branch-rate="0">
					<methods/>
					<lines>
						<line number="1" hits="1"/>
						<line number="4" hits="1"/>
						<line number="9" hits="1"/>
						<line number="10" hits="1"/>
						<line number="20" hits="1"/>
					</lines>
				</class>
			</classes>
		</package>
		<package name="packages.ragbits-document-search.src.ragbits.document_search.retrieval.rerankers" line-rate="1" branch-rate="0" complexity="0">
			<classes>
				<class name="__init__.py" filename="packages/ragbits-document-search/src/ragbits/document_search/retrieval/rerankers/__init__.py" complexity="0" line-rate="1" branch-rate="0">
					<methods/>
					<lines/>
				</class>
				<class name="base.py" filename="packages/ragbits-document-search/src/ragbits/document_search/retrieval/rerankers/base.py" complexity="0" line-rate="1" branch-rate="0">
					<methods/>
					<lines>
						<line number="1" hits="1"/>
						<line number="3" hits="1"/>
						<line number="6" hits="1"/>
						<line number="11" hits="1"/>
						<line number="12" hits="1"/>
						<line number="13" hits="1"/>
					</lines>
				</class>
				<class name="noop.py" filename="packages/ragbits-document-search/src/ragbits/document_search/retrieval/rerankers/noop.py" complexity="0" line-rate="1" branch-rate="0">
					<methods/>
					<lines>
						<line number="1" hits="1"/>
						<line number="3" hits="1"/>
						<line number="4" hits="1"/>
						<line number="7" hits="1"/>
						<line number="12" hits="1"/>
						<line number="13" hits="1"/>
						<line number="23" hits="1"/>
					</lines>
				</class>
			</classes>
		</package>
		<package name="packages.ragbits-document-search.src.ragbits.document_search.vector_store" line-rate="1" branch-rate="0" complexity="0">
			<classes>
				<class name="__init__.py" filename="packages/ragbits-document-search/src/ragbits/document_search/vector_store/__init__.py" complexity="0" line-rate="1" branch-rate="0">
					<methods/>
					<lines/>
				</class>
				<class name="base.py" filename="packages/ragbits-document-search/src/ragbits/document_search/vector_store/base.py" complexity="0" line-rate="1" branch-rate="0">
					<methods/>
					<lines>
						<line number="1" hits="1"/>
						<line number="2" hits="1"/>
						<line number="4" hits="1"/>
						<line number="7" hits="1"/>
						<line number="12" hits="1"/>
						<line number="13" hits="1"/>
						<line number="14" hits="1"/>
						<line number="17" hits="1"/>
						<line number="22" hits="1"/>
						<line number="23" hits="1"/>
						<line number="31" hits="1"/>
						<line number="32" hits="1"/>
					</lines>
				</class>
				<class name="in_memory.py" filename="packages/ragbits-document-search/src/ragbits/document_search/vector_store/in_memory.py" complexity="0" line-rate="1" branch-rate="0">
					<methods/>
					<lines>
						<line number="1" hits="1"/>
						<line number="3" hits="1"/>
						<line number="6" hits="1"/>
						<line number="11" hits="1"/>
						<line number="12" hits="1"/>
						<line number="14" hits="1"/>
						<line number="21" hits="1"/>
						<line number="22" hits="1"/>
						<line number="24" hits="1"/>
						<line number="35" hits="1"/>
						<line number="37" hits="1"/>
						<line number="38" hits="1"/>
						<line number="39" hits="1"/>
						<line number="41" hits="1"/>
						<line number="43" hits="1"/>
						<line number="45" hits="1"/>
						<line number="46" hits="1"/>
						<line number="47" hits="1"/>
					</lines>
				</class>
			</classes>
		</package>
		<package name="packages.ragbits-document-search.tests" line-rate="1" branch-rate="0" complexity="0">
			<classes>
				<class name="__init__.py" filename="packages/ragbits-document-search/tests/__init__.py" complexity="0" line-rate="1" branch-rate="0">
					<methods/>
					<lines/>
				</class>
				<class name="helpers.py" filename="packages/ragbits-document-search/tests/helpers.py" complexity="0" line-rate="1" branch-rate="0">
					<methods/>
					<lines>
						<line number="1" hits="1"/>
						<line number="4" hits="1"/>
						<line number="5" hits="1"/>
					</lines>
				</class>
			</classes>
		</package>
		<package name="packages.ragbits-document-search.tests.integration" line-rate="0.3684" branch-rate="0" complexity="0">
			<classes>
				<class name="__init__.py" filename="packages/ragbits-document-search/tests/integration/__init__.py" complexity="0" line-rate="1" branch-rate="0">
					<methods/>
					<lines/>
				</class>
				<class name="test_unstructured.py" filename="packages/ragbits-document-search/tests/integration/test_unstructured.py" complexity="0" line-rate="0.3684" branch-rate="0">
					<methods/>
					<lines>
						<line number="1" hits="1"/>
						<line number="3" hits="1"/>
						<line number="5" hits="1"/>
						<line number="6" hits="1"/>
						<line number="7" hits="1"/>
						<line number="14" hits="1"/>
						<line number="17" hits="1"/>
						<line number="21" hits="1"/>
						<line number="22" hits="0"/>
						<line number="23" hits="0"/>
						<line number="25" hits="0"/>
						<line number="27" hits="0"/>
						<line number="28" hits="0"/>
						<line number="29" hits="0"/>
						<line number="32" hits="1"/>
						<line number="36" hits="1"/>
						<line number="37" hits="0"/>
						<line number="38" hits="0"/>
						<line number="40" hits="0"/>
						<line number="42" hits="0"/>
						<line number="43" hits="0"/>
						<line number="46" hits="1"/>
						<line number="50" hits="1"/>
						<line number="51" hits="0"/>
						<line number="52" hits="0"/>
						<line number="53" hits="0"/>
						<line number="55" hits="0"/>
						<line number="56" hits="0"/>
						<line number="57" hits="0"/>
						<line number="60" hits="1"/>
						<line number="64" hits="1"/>
						<line number="65" hits="0"/>
						<line number="66" hits="0"/>
						<line number="67" hits="0"/>
						<line number="68" hits="0"/>
						<line number="70" hits="0"/>
						<line number="71" hits="0"/>
						<line number="72" hits="0"/>
					</lines>
				</class>
			</classes>
		</package>
		<package name="packages.ragbits-document-search.tests.unit" line-rate="1" branch-rate="0" complexity="0">
			<classes>
				<class name="__init__.py" filename="packages/ragbits-document-search/tests/unit/__init__.py" complexity="0" line-rate="1" branch-rate="0">
					<methods/>
					<lines/>
				</class>
				<class name="test_document_processor.py" filename="packages/ragbits-document-search/tests/unit/test_document_processor.py" complexity="0" line-rate="1" branch-rate="0">
					<methods/>
					<lines>
						<line number="1" hits="1"/>
						<line number="2" hits="1"/>
						<line number="3" hits="1"/>
						<line number="6" hits="1"/>
						<line number="7" hits="1"/>
						<line number="8" hits="1"/>
						<line number="9" hits="1"/>
						<line number="11" hits="1"/>
						<line number="13" hits="1"/>
						<line number="14" hits="1"/>
						<line number="15" hits="1"/>
					</lines>
				</class>
				<class name="test_document_search.py" filename="packages/ragbits-document-search/tests/unit/test_document_search.py" complexity="0" line-rate="1" branch-rate="0">
					<methods/>
					<lines>
						<line number="1" hits="1"/>
						<line number="3" hits="1"/>
						<line number="4" hits="1"/>
						<line number="5" hits="1"/>
						<line number="6" hits="1"/>
						<line number="9" hits="1"/>
						<line number="10" hits="1"/>
						<line number="11" hits="1"/>
						<line number="13" hits="1"/>
						<line number="15" hits="1"/>
						<line number="19" hits="1"/>
						<line number="21" hits="1"/>
						<line number="23" hits="1"/>
						<line number="24" hits="1"/>
					</lines>
				</class>
				<class name="test_documents.py" filename="packages/ragbits-document-search/tests/unit/test_documents.py" complexity="0" line-rate="1" branch-rate="0">
					<methods/>
					<lines>
						<line number="1" hits="1"/>
						<line number="2" hits="1"/>
						<line number="4" hits="1"/>
						<line number="5" hits="1"/>
						<line number="8" hits="1"/>
						<line number="9" hits="1"/>
						<line number="10" hits="1"/>
						<line number="11" hits="1"/>
						<line number="13" hits="1"/>
						<line number="15" hits="1"/>
						<line number="17" hits="1"/>
						<line number="19" hits="1"/>
						<line number="20" hits="1"/>
					</lines>
				</class>
				<class name="test_elements.py" filename="packages/ragbits-document-search/tests/unit/test_elements.py" complexity="0" line-rate="1" branch-rate="0">
					<methods/>
					<lines>
						<line number="1" hits="1"/>
						<line number="2" hits="1"/>
						<line number="3" hits="1"/>
						<line number="6" hits="1"/>
						<line number="7" hits="1"/>
						<line number="8" hits="1"/>
						<line number="9" hits="1"/>
						<line number="11" hits="1"/>
						<line number="12" hits="1"/>
						<line number="14" hits="1"/>
						<line number="29" hits="1"/>
						<line number="30" hits="1"/>
						<line number="31" hits="1"/>
						<line number="32" hits="1"/>
						<line number="33" hits="1"/>
					</lines>
				</class>
				<class name="test_providers.py" filename="packages/ragbits-document-search/tests/unit/test_providers.py" complexity="0" line-rate="1" branch-rate="0">
					<methods/>
					<lines>
						<line number="1" hits="1"/>
						<line number="2" hits="1"/>
						<line number="4" hits="1"/>
						<line number="5" hits="1"/>
						<line number="6" hits="1"/>
						<line number="12" hits="1"/>
						<line number="15" hits="1"/>
						<line number="16" hits="1"/>
						<line number="17" hits="1"/>
						<line number="20" hits="1"/>
						<line number="21" hits="1"/>
						<line number="22" hits="1"/>
						<line number="24" hits="1"/>
						<line number="27" hits="1"/>
						<line number="28" hits="1"/>
						<line number="29" hits="1"/>
						<line number="33" hits="1"/>
						<line number="36" hits="1"/>
						<line number="37" hits="1"/>
						<line number="38" hits="1"/>
						<line number="39" hits="1"/>
						<line number="43" hits="1"/>
					</lines>
				</class>
				<class name="test_simple_vector_store.py" filename="packages/ragbits-document-search/tests/unit/test_simple_vector_store.py" complexity="0" line-rate="1" branch-rate="0">
					<methods/>
					<lines>
						<line number="1" hits="1"/>
						<line number="3" hits="1"/>
						<line number="4" hits="1"/>
						<line number="5" hits="1"/>
						<line number="6" hits="1"/>
						<line number="9" hits="1"/>
						<line number="10" hits="1"/>
						<line number="12" hits="1"/>
						<line number="13" hits="1"/>
						<line number="18" hits="1"/>
						<line number="20" hits="1"/>
						<line number="22" hits="1"/>
						<line number="24" hits="1"/>
						<line number="26" hits="1"/>
						<line number="27" hits="1"/>
						<line number="28" hits="1"/>
					</lines>
				</class>
			</classes>
		</package>
	</packages>
</coverage>
